<?xml version="1.0" encoding="UTF-8"?>
<!-- Generated by org.testng.reporters.JUnitReportReporter -->
<testsuite hostname="DESKTOP-QOSAG9I" failures="0" tests="1" name="APIRequest.GetRequest" time="5.048" errors="0" timestamp="24 Aug 2023 10:56:40 GMT" skipped="0">
  <testcase classname="APIRequest.GetRequest" name="abc" time="5.048"/>
</testsuite> <!-- APIRequest.GetRequest -->
